Arguments: 
  /usr/bin/node /home/mina/.local/share/npm-packages/bin/yarn

PATH: 
  /home/mina/.local/bin:/home/mina/.local/share/nvim/mason/bin:/home/mina/.local/share/flatpak/exports/bin:/usr/bin:/home/mina/.local/bin:/home/mina/.local/share/nvim/mason/bin:/home/mina/.local/share/flatpak/exports/bin:/usr/local/sbin:/usr/local/bin:/usr/bin:/home/mina/.local/share/flatpak/exports/bin:/usr/lib/jvm/default/bin:/usr/bin/site_perl:/usr/bin/vendor_perl:/usr/bin/core_perl:/usr/lib/rustup/bin:/home/mina/.cargo/bin:/home/mina/.config/scripts:/home/mina/.local/opt/android/android-studio/jbr/bin:/home/mina/.local/opt/android/android-studio/bin:/home/mina/.local/opt/android/sdk/tools/bin:/home/mina/.local/opt/android/sdk/emulator:/home/mina/.pub-cache/bin:/home/mina/.local/share/npm-packages/bin:/home/mina/.cargo/bin:/home/mina/.config/scripts:/home/mina/.local/opt/android/android-studio/jbr/bin:/home/mina/.local/opt/android/android-studio/bin:/home/mina/.local/opt/android/sdk/tools/bin:/home/mina/.local/opt/android/sdk/emulator:/home/mina/.pub-cache/bin:/home/mina/.local/share/npm-packages/bin

Yarn version: 
  1.22.19

Node version: 
  20.8.0

Platform: 
  linux x64

Trace: 
  SyntaxError: /home/mina/Documents/programing/nodejs/groceries/groceries-backend/package.json: Expected double-quoted property name in JSON at position 1083
      at JSON.parse (<anonymous>)
      at /home/mina/.local/share/npm-packages/lib/node_modules/yarn/lib/cli.js:1629:59
      at Generator.next (<anonymous>)
      at step (/home/mina/.local/share/npm-packages/lib/node_modules/yarn/lib/cli.js:310:30)
      at /home/mina/.local/share/npm-packages/lib/node_modules/yarn/lib/cli.js:321:13

npm manifest: 
  {
    "name": "groceries-app",
    "version": "1.0.0",
    "description": "",
    "main": "index.js",
    "scripts": {
      "dev": "concurrently \"tsc -w\" \"nodemon dist\"",
      "migrate": "ts-node node_modules/.bin/node-pg-migrate -j ts",
      "build": "rimraf ./dist && tsc",
      "test": "echo \"Error: no test specified\" && exit 1"
    },
    "keywords": [],
    "author": "",
    "license": "ISC",
    "devDependencies": {
      "@types/cookie-parser": "^1.4.3",
      "@types/cors": "^2.8.13",
      "@types/express": "^4.17.17",
      "@types/i18next-fs-backend": "^1.1.2",
      "@types/jsonwebtoken": "^9.0.2",
      "@types/lodash": "^4.14.198",
      "@types/morgan": "^1.9.5",
      "@types/multer": "^1.4.7",
      "@types/node": "^20.6.3",
      "@types/passport": "^1.0.12",
      "@types/passport-google-oauth2": "^0.1.5",
      "@types/passport-jwt": "^3.0.9",
      "@types/pg": "^8.10.3",
      "@types/swagger-jsdoc": "^6.0.1",
      "@types/swagger-ui-express": "^4.1.3",
      "concurrently": "^8.2.1",
      "drizzle-kit": "^0.19.13",
      "nodemon": "^3.0.1",
      "rimraf": "^5.0.1",
      "ts-node-dev": "^2.0.0",
    },
    "dependencies": {
      "@asteasolutions/zod-to-openapi": "^5.5.0",
      "typescript": "^5.2.2",
      "@faker-js/faker": "^8.1.0",
      "bcrypt": "^5.1.1",
      "cloudinary": "^1.41.0",
      "cookie-parser": "^1.4.6",
      "cors": "^2.8.5",
      "dayjs": "^1.11.9",
      "dotenv": "^16.3.1",
      "drizzle-orm": "^0.28.6",
      "drizzle-zod": "^0.5.1",
      "express": "^4.18.2",
      "express-async-errors": "^3.1.1",
      "i18next": "^23.5.1",
      "i18next-fs-backend": "^2.2.0",
      "i18next-http-middleware": "^3.3.2",
      "jsonwebtoken": "^9.0.2",
      "lodash": "^4.17.21",
      "module-alias": "^2.2.3",
      "morgan": "^1.10.0",
      "multer": "^1.4.5-lts.1",
      "node-pg-migrate": "^6.2.2",
      "passport": "^0.6.0",
      "passport-google-oauth2": "^0.2.0",
      "passport-jwt": "^4.0.1",
      "pg": "^8.11.3",
      "pino": "^8.15.0",
      "pino-http": "^8.4.0",
      "pino-pretty": "^10.2.0",
      "postgres": "^3.3.5",
      "sql-formatter": "^13.0.0",
      "stripe": "^13.6.0",
      "swagger-jsdoc": "^6.2.8",
      "swagger-ui-express": "^5.0.0",
      "yaml": "^2.3.2",
      "zod": "^3.22.2"
    },
    "_moduleAliases": {
      "@api": "dist/api",
      "@config": "dist/config"
    }
  }

yarn manifest: 
  No manifest

Lockfile: 
  No lockfile
